2024-09-07 18:09:842 INFO  OpenCartProject:18 - URL is opened
2024-09-07 18:09:140 INFO  OpenCartProject:22 - entered email
2024-09-07 18:09:308 INFO  OpenCartProject:26 - entered password
2024-09-07 18:09:638 INFO  OpenCartProject:33 - login successfully
2024-09-07 18:09:755 INFO  OpenCartProject:36 - logged out successfully
2024-09-07 18:09:476 INFO  OpenCartProject:18 - URL is opened
2024-09-07 18:09:638 INFO  OpenCartProject:22 - entered email
2024-09-07 18:09:08 INFO  OpenCartProject:26 - entered password
2024-09-07 18:09:127 INFO  OpenCartProject:36 - logged out successfully
2024-09-07 18:09:446 INFO  OpenCartProject:18 - URL is opened
2024-09-07 18:09:587 INFO  OpenCartProject:22 - entered email
2024-09-07 18:09:867 INFO  OpenCartProject:26 - entered password
2024-09-07 18:09:933 INFO  OpenCartProject:36 - logged out successfully
2024-09-07 18:09:833 INFO  OpenCartProject:18 - URL is opened
2024-09-07 18:09:965 INFO  OpenCartProject:22 - entered email
2024-09-07 18:09:121 INFO  OpenCartProject:26 - entered password
2024-09-07 18:09:282 INFO  OpenCartProject:36 - logged out successfully
2024-09-07 18:09:573 INFO  OpenCartProject:18 - URL is opened
2024-09-07 18:09:735 INFO  OpenCartProject:22 - entered email
2024-09-07 18:09:00 INFO  OpenCartProject:26 - entered password
2024-09-07 18:09:236 INFO  OpenCartProject:33 - login successfully
2024-09-07 18:09:73 INFO  OpenCartProject:36 - logged out successfully
2024-09-07 18:09:463 INFO  OpenCartProject:18 - URL is opened
2024-09-07 18:09:93 INFO  OpenCartProject:22 - entered email
2024-09-07 18:09:392 INFO  OpenCartProject:26 - entered password
2024-09-07 18:09:576 INFO  OpenCartProject:18 - URL is opened
2024-09-07 18:09:43 INFO  OpenCartProject:22 - entered email
2024-09-07 18:09:350 INFO  OpenCartProject:26 - entered password
2024-09-07 18:09:503 INFO  OpenCartProject:33 - login successfully
2024-09-07 18:09:261 INFO  OpenCartProject:35 - logged out successfully
2024-09-07 18:09:706 INFO  OpenCartProject:18 - URL is opened
2024-09-07 18:09:846 INFO  OpenCartProject:22 - entered email
2024-09-07 18:09:193 INFO  OpenCartProject:26 - entered password
2024-09-07 18:09:772 INFO  OpenCartProject:18 - URL is opened
2024-09-07 18:09:906 INFO  OpenCartProject:22 - entered email
2024-09-07 18:09:267 INFO  OpenCartProject:26 - entered password
2024-09-07 18:09:899 INFO  OpenCartProject:18 - URL is opened
2024-09-07 18:09:30 INFO  OpenCartProject:22 - entered email
2024-09-07 18:09:330 INFO  OpenCartProject:26 - entered password
2024-09-07 18:09:202 INFO  OpenCartProject:18 - URL is opened
2024-09-07 18:09:437 INFO  OpenCartProject:22 - entered email
2024-09-07 18:09:716 INFO  OpenCartProject:26 - entered password
2024-09-07 18:09:882 INFO  OpenCartProject:33 - login successfully
2024-09-07 18:09:921 INFO  OpenCartProject:35 - logged out successfully
2024-09-07 18:09:217 INFO  OpenCartProject:17 - URL is opened
2024-09-07 18:09:945 INFO  OpenCartProject:21 - entered email
2024-09-07 18:09:491 INFO  OpenCartProject:17 - URL is opened
2024-09-07 18:09:871 INFO  OpenCartProject:21 - entered email
2024-09-07 18:09:881 INFO  OpenCartProject:25 - entered password
2024-09-07 18:09:350 INFO  OpenCartProject:25 - entered password
2024-09-07 18:09:938 INFO  OpenCartProject:17 - URL is opened
2024-09-07 18:09:608 INFO  OpenCartProject:21 - entered email
2024-09-07 18:09:852 INFO  OpenCartProject:25 - entered password
2024-09-07 18:09:600 INFO  OpenCartProject:17 - URL is opened
2024-09-07 18:09:205 INFO  OpenCartProject:21 - entered email
2024-09-07 18:09:490 INFO  OpenCartProject:25 - entered password
2024-09-07 18:09:58 INFO  OpenCartProject:33 - Login successfully
2024-09-07 18:09:943 INFO  OpenCartProject:41 - logged out successfully
2024-09-07 18:09:679 INFO  OpenCartProject:33 - Login successfully
2024-09-07 18:09:550 INFO  OpenCartProject:41 - logged out successfully
2024-09-07 18:09:649 INFO  OpenCartProject:17 - URL is opened
2024-09-07 18:09:799 INFO  OpenCartProject:21 - entered email
2024-09-07 18:09:950 INFO  OpenCartProject:25 - entered password
2024-09-07 18:09:873 INFO  OpenCartProject:17 - URL is opened
2024-09-07 18:09:59 INFO  OpenCartProject:21 - entered email
2024-09-07 18:09:216 INFO  OpenCartProject:25 - entered password
2024-09-07 18:09:710 INFO  OpenCartProject:17 - URL is opened
2024-09-07 18:09:894 INFO  OpenCartProject:21 - entered email
2024-09-07 18:09:85 INFO  OpenCartProject:25 - entered password
2024-09-07 18:09:27 INFO  OpenCartProject:17 - URL is opened
2024-09-07 18:09:149 INFO  OpenCartProject:21 - entered email
2024-09-07 18:09:310 INFO  OpenCartProject:25 - entered password
2024-09-07 18:09:86 INFO  OpenCartProject:17 - URL is opened
2024-09-07 18:09:225 INFO  OpenCartProject:21 - entered email
2024-09-07 18:09:343 INFO  OpenCartProject:25 - entered password
2024-09-07 18:09:70 INFO  OpenCartProject:17 - URL is opened
2024-09-07 18:09:210 INFO  OpenCartProject:21 - entered email
2024-09-07 18:09:368 INFO  OpenCartProject:25 - entered password
2024-09-07 18:09:116 INFO  OpenCartProject:17 - URL is opened
2024-09-07 18:09:250 INFO  OpenCartProject:21 - entered email
2024-09-07 18:09:437 INFO  OpenCartProject:25 - entered password
2024-09-07 18:09:125 INFO  OpenCartProject:17 - URL is opened
2024-09-07 18:09:252 INFO  OpenCartProject:21 - entered email
2024-09-07 18:09:460 INFO  OpenCartProject:25 - entered password
2024-09-07 18:09:590 INFO  OpenCartProject:33 - Login successfully
2024-09-07 18:09:255 INFO  OpenCartProject:41 - logged out successfully
2024-09-07 18:09:578 INFO  OpenCartProject:33 - Login successfully
2024-09-07 18:09:271 INFO  OpenCartProject:41 - logged out successfully
2024-09-07 18:09:603 INFO  OpenCartProject:17 - URL is opened
2024-09-07 18:09:678 INFO  OpenCartProject:17 - URL is opened
2024-09-07 18:09:673 INFO  OpenCartProject:17 - URL is opened
2024-09-07 18:09:626 INFO  OpenCartProject:17 - URL is opened
2024-09-07 18:09:615 INFO  OpenCartProject:17 - URL is opened
2024-09-07 18:09:791 INFO  OpenCartProject:17 - URL is opened
2024-09-07 18:09:124 INFO  OpenCartProject:21 - entered email
2024-09-07 18:09:290 INFO  OpenCartProject:25 - entered password
2024-09-07 18:09:383 INFO  OpenCartProject:17 - URL is opened
2024-09-07 18:09:681 INFO  OpenCartProject:21 - entered email
2024-09-07 18:09:826 INFO  OpenCartProject:25 - entered password
2024-09-07 18:09:969 INFO  OpenCartProject:33 - Login successfully
2024-09-07 18:09:661 INFO  OpenCartProject:41 - logged out successfully
2024-09-07 18:09:850 INFO  OpenCartProject:17 - URL is opened
2024-09-07 18:09:108 INFO  OpenCartProject:21 - entered email
2024-09-07 18:09:326 INFO  OpenCartProject:25 - entered password
2024-09-07 18:09:724 INFO  OpenCartProject:17 - URL is opened
2024-09-07 18:09:40 INFO  OpenCartProject:21 - entered email
2024-09-07 18:09:555 INFO  OpenCartProject:33 - Login successfully
2024-09-07 18:09:227 INFO  OpenCartProject:41 - logged out successfully
2024-09-07 18:09:210 INFO  OpenCartProject:25 - entered password
2024-09-07 18:09:547 INFO  OpenCartProject:17 - URL is opened
2024-09-07 18:09:737 INFO  OpenCartProject:21 - entered email
2024-09-07 18:09:108 INFO  OpenCartProject:17 - URL is opened
2024-09-07 18:09:475 INFO  OpenCartProject:21 - entered email
2024-09-07 18:09:885 INFO  OpenCartProject:25 - entered password
2024-09-07 18:09:601 INFO  OpenCartProject:25 - entered password
2024-09-07 18:09:37 INFO  OpenCartProject:33 - Login successfully
2024-09-07 18:09:751 INFO  OpenCartProject:41 - logged out successfully
2024-09-07 18:09:756 INFO  OpenCartProject:33 - Login successfully
2024-09-07 18:09:469 INFO  OpenCartProject:41 - logged out successfully
2024-09-07 18:09:207 INFO  OpenCartProject:17 - URL is opened
2024-09-07 18:09:362 INFO  OpenCartProject:21 - entered email
2024-09-07 18:09:585 INFO  OpenCartProject:17 - URL is opened
2024-09-07 18:09:710 INFO  OpenCartProject:21 - entered email
2024-09-07 18:09:508 INFO  OpenCartProject:25 - entered password
2024-09-07 18:09:846 INFO  OpenCartProject:25 - entered password
2024-09-07 18:09:05 INFO  OpenCartProject:33 - Login successfully
2024-09-07 18:09:664 INFO  OpenCartProject:41 - logged out successfully
2024-09-07 18:09:797 INFO  OpenCartProject:17 - URL is opened
2024-09-07 18:09:925 INFO  OpenCartProject:21 - entered email
2024-09-07 18:09:46 INFO  OpenCartProject:25 - entered password
2024-09-07 18:09:205 INFO  OpenCartProject:33 - Login successfully
2024-09-07 18:09:886 INFO  OpenCartProject:41 - logged out successfully
2024-09-07 18:09:364 INFO  OpenCartProject:17 - URL is opened
2024-09-07 18:09:514 INFO  OpenCartProject:21 - entered email
2024-09-07 18:09:657 INFO  OpenCartProject:25 - entered password
2024-09-07 18:09:177 INFO  OpenCartProject:17 - URL is opened
2024-09-07 18:09:424 INFO  OpenCartProject:21 - entered email
2024-09-07 18:09:569 INFO  OpenCartProject:25 - entered password
2024-09-07 18:09:499 INFO  OpenCartProject:17 - URL is opened
2024-09-07 18:09:668 INFO  OpenCartProject:21 - entered email
2024-09-07 18:09:797 INFO  OpenCartProject:25 - entered password
2024-09-07 18:09:927 INFO  OpenCartProject:33 - Login successfully
2024-09-07 18:09:582 INFO  OpenCartProject:41 - logged out successfully
2024-09-07 18:09:477 INFO  OpenCartProject:17 - URL is opened
2024-09-07 18:09:966 INFO  OpenCartProject:21 - entered email
2024-09-07 18:09:117 INFO  OpenCartProject:25 - entered password
2024-09-07 18:09:339 INFO  OpenCartProject:34 - Login successfully
2024-09-07 18:09:154 INFO  OpenCartProject:43 - logged out successfully
2024-09-07 18:09:165 INFO  OpenCartProject:17 - URL is opened
2024-09-07 18:09:361 INFO  OpenCartProject:21 - entered email
2024-09-07 18:09:496 INFO  OpenCartProject:25 - entered password
2024-09-07 18:09:739 INFO  OpenCartProject:34 - Login successfully
2024-09-07 18:09:627 INFO  OpenCartProject:17 - URL is opened
2024-09-07 18:09:790 INFO  OpenCartProject:21 - entered email
2024-09-07 18:09:911 INFO  OpenCartProject:25 - entered password
2024-09-07 18:09:68 INFO  OpenCartProject:34 - Login successfully
2024-09-07 18:09:772 INFO  OpenCartProject:43 - logged out successfully
2024-09-07 18:09:848 INFO  OpenCartProject:17 - URL is opened
2024-09-07 18:09:971 INFO  OpenCartProject:21 - entered email
2024-09-07 18:09:98 INFO  OpenCartProject:25 - entered password
2024-09-07 18:09:235 INFO  OpenCartProject:34 - Login successfully
2024-09-07 18:09:915 INFO  OpenCartProject:43 - logged out successfully
2024-09-07 18:09:38 INFO  OpenCartProject:17 - URL is opened
2024-09-07 18:09:198 INFO  OpenCartProject:21 - entered email
2024-09-07 18:09:317 INFO  OpenCartProject:25 - entered password
2024-09-07 18:09:455 INFO  OpenCartProject:34 - Login successfully
2024-09-07 18:09:241 INFO  OpenCartProject:43 - logged out successfully
2024-09-07 18:09:681 INFO  OpenCartProject:17 - URL is opened
2024-09-07 18:09:159 INFO  OpenCartProject:21 - entered email
2024-09-07 18:09:329 INFO  OpenCartProject:25 - entered password
2024-09-07 18:09:522 INFO  OpenCartProject:34 - Login successfully
2024-09-07 18:09:454 INFO  OpenCartProject:43 - logged out successfully
2024-09-07 18:09:539 INFO  OpenCartProject:17 - URL is opened
2024-09-07 18:09:739 INFO  OpenCartProject:21 - entered email
2024-09-07 18:09:976 INFO  OpenCartProject:16 - URL is opened
2024-09-07 18:09:274 INFO  OpenCartProject:20 - Entered email
2024-09-07 18:09:396 INFO  OpenCartProject:23 - Entered password
2024-09-07 18:09:514 INFO  OpenCartProject:34 - Login successfully
2024-09-07 18:09:07 INFO  OpenCartProject:44 - Logged out successfully
2024-09-07 18:09:21 INFO  OpenCartProject:16 - URL is opened
2024-09-07 18:09:225 INFO  OpenCartProject:20 - Entered email
2024-09-07 18:09:360 INFO  OpenCartProject:23 - Entered password
2024-09-07 18:09:495 INFO  OpenCartProject:34 - Login successfully
2024-09-07 18:09:359 INFO  OpenCartProject:44 - Logged out successfully
2024-09-07 18:09:606 INFO  OpenCartProject:16 - URL is opened
2024-09-07 18:09:769 INFO  OpenCartProject:20 - Entered email
2024-09-07 18:09:923 INFO  OpenCartProject:23 - Entered password
2024-09-07 18:09:30 INFO  OpenCartProject:34 - Login successfully
2024-09-07 18:09:857 INFO  OpenCartProject:44 - Logged out successfully
2024-09-07 18:09:959 INFO  OpenCartProject:16 - URL is opened
2024-09-07 18:09:170 INFO  OpenCartProject:20 - Entered email
2024-09-07 18:09:291 INFO  OpenCartProject:23 - Entered password
2024-09-07 18:09:419 INFO  OpenCartProject:34 - Login successfully
2024-09-07 18:09:89 INFO  OpenCartProject:44 - Logged out successfully
2024-09-07 18:09:168 INFO  OpenCartProject:16 - URL is opened
2024-09-07 18:09:318 INFO  OpenCartProject:20 - Entered email
2024-09-07 18:09:427 INFO  OpenCartProject:23 - Entered password
2024-09-07 18:09:514 INFO  OpenCartProject:34 - Login successfully
2024-09-07 18:09:871 INFO  OpenCartProject:44 - Logged out successfully
2024-09-07 19:09:727 INFO  OpenCartProject:16 - URL is opened
2024-09-07 19:09:221 INFO  OpenCartProject:20 - Entered email
2024-09-07 19:09:437 INFO  OpenCartProject:23 - Entered password
2024-09-07 19:09:739 ERROR OpenCartProject:38 - Login Failed. Expected title: Account Login, but got: My Account
2024-09-07 19:09:535 INFO  OpenCartProject:16 - URL is opened
2024-09-07 19:09:771 INFO  OpenCartProject:20 - Entered email
2024-09-07 19:09:926 INFO  OpenCartProject:23 - Entered password
2024-09-07 19:09:74 INFO  OpenCartProject:34 - Login successfully
2024-09-07 19:09:901 INFO  OpenCartProject:44 - Logged out successfully
2024-09-07 19:09:125 INFO  OpenCartProject:16 - URL is opened
2024-09-07 19:09:266 INFO  OpenCartProject:20 - Entered email
2024-09-07 19:09:412 INFO  OpenCartProject:23 - Entered password
2024-09-07 19:09:581 INFO  OpenCartProject:34 - Login successfully
2024-09-07 19:09:330 INFO  OpenCartProject:44 - Logged out successfully
2024-09-07 19:09:442 INFO  OpenCartProject:16 - URL is opened
2024-09-07 19:09:609 INFO  OpenCartProject:20 - Entered email
2024-09-07 19:09:772 INFO  OpenCartProject:23 - Entered password
2024-09-07 19:09:221 INFO  OpenCartProject:16 - URL is opened
2024-09-07 19:09:568 INFO  OpenCartProject:20 - Entered email
2024-09-07 19:09:730 INFO  OpenCartProject:23 - Entered password
2024-09-07 19:09:899 INFO  OpenCartProject:34 - Login successfully
2024-09-07 19:09:846 INFO  OpenCartProject:44 - Logged out successfully
2024-09-07 19:09:515 INFO  OpenCartProject:16 - URL is opened
2024-09-07 19:09:675 INFO  OpenCartProject:20 - Entered email
2024-09-07 19:09:861 INFO  OpenCartProject:23 - Entered password
2024-09-07 19:09:117 ERROR OpenCartProject:38 - Login Failed. Expected title: My Account, but got: Account Login
2024-09-07 19:09:343 INFO  OpenCartProject:16 - URL is opened
2024-09-07 19:09:487 INFO  OpenCartProject:20 - Entered email
2024-09-07 19:09:642 INFO  OpenCartProject:23 - Entered password
2024-09-07 19:09:804 ERROR OpenCartProject:38 - Login Failed. Expected title: My Account, but got: Account Login
2024-09-07 19:09:979 INFO  OpenCartProject:16 - URL is opened
2024-09-07 19:09:204 INFO  OpenCartProject:20 - Entered email
2024-09-07 19:09:327 INFO  OpenCartProject:23 - Entered password
2024-09-07 19:09:435 ERROR OpenCartProject:38 - Login Failed. Expected title: My Account, but got: Account Login
2024-09-07 19:09:100 INFO  OpenCartProject:16 - URL is opened
2024-09-07 19:09:420 INFO  OpenCartProject:20 - Entered email
2024-09-07 19:09:627 INFO  OpenCartProject:23 - Entered password
2024-09-07 19:09:771 INFO  OpenCartProject:34 - Login successfully
2024-09-07 19:09:482 INFO  OpenCartProject:44 - Logged out successfully
2024-09-07 19:09:726 INFO  OpenCartProject:16 - URL is opened
2024-09-07 19:09:243 INFO  OpenCartProject:20 - Entered email
2024-09-07 19:09:412 INFO  OpenCartProject:23 - Entered password
2024-09-07 19:09:599 INFO  OpenCartProject:34 - Login successfully
2024-09-07 19:09:410 INFO  OpenCartProject:44 - Logged out successfully
2024-09-07 19:09:714 INFO  OpenCartProject:16 - URL is opened
2024-09-07 19:09:954 INFO  OpenCartProject:20 - Entered email
2024-09-07 19:09:83 INFO  OpenCartProject:23 - Entered password
2024-09-07 19:09:260 ERROR OpenCartProject:38 - Login Failed. Expected title: My Account, but got: Account Login
2024-09-07 19:09:993 INFO  OpenCartProject:44 - Logged out successfully
2024-09-07 19:09:186 INFO  OpenCartProject:16 - URL is opened
2024-09-07 19:09:322 INFO  OpenCartProject:20 - Entered email
2024-09-07 19:09:479 INFO  OpenCartProject:23 - Entered password
2024-09-07 19:09:608 ERROR OpenCartProject:38 - Login Failed. Expected title: My Account, but got: Account Login
2024-09-07 19:09:673 INFO  OpenCartProject:44 - Logged out successfully
2024-09-07 19:09:783 INFO  OpenCartProject:16 - URL is opened
2024-09-07 19:09:945 INFO  OpenCartProject:20 - Entered email
2024-09-07 19:09:105 INFO  OpenCartProject:23 - Entered password
2024-09-07 19:09:261 ERROR OpenCartProject:38 - Login Failed. Expected title: My Account, but got: Account Login
2024-09-07 19:09:151 INFO  OpenCartProject:44 - Logged out successfully
2024-09-07 19:09:288 INFO  OpenCartProject:16 - URL is opened
2024-09-07 19:09:432 INFO  OpenCartProject:20 - Entered email
2024-09-07 19:09:606 INFO  OpenCartProject:23 - Entered password
2024-09-07 19:09:767 INFO  OpenCartProject:34 - Login successfully
2024-09-07 19:09:924 INFO  OpenCartProject:44 - Logged out successfully
2024-09-07 19:09:599 INFO  OpenCartProject:16 - URL is opened
2024-09-07 19:09:86 INFO  OpenCartProject:20 - Entered email
2024-09-07 19:09:237 INFO  OpenCartProject:23 - Entered password
2024-09-07 19:09:408 INFO  OpenCartProject:32 - Login successfully
2024-09-07 19:09:284 INFO  OpenCartProject:42 - Logged out successfully
2024-09-07 19:09:403 INFO  OpenCartProject:16 - URL is opened
2024-09-07 19:09:549 INFO  OpenCartProject:20 - Entered email
2024-09-07 19:09:722 INFO  OpenCartProject:23 - Entered password
2024-09-07 19:09:513 INFO  OpenCartProject:16 - URL is opened
2024-09-07 19:09:642 INFO  OpenCartProject:20 - Entered email
2024-09-07 19:09:823 INFO  OpenCartProject:23 - Entered password
2024-09-07 19:09:545 INFO  OpenCartProject:16 - URL is opened
2024-09-07 19:09:680 INFO  OpenCartProject:20 - Entered email
2024-09-07 19:09:808 INFO  OpenCartProject:23 - Entered password
2024-09-07 19:09:544 INFO  OpenCartProject:16 - URL is opened
2024-09-07 19:09:686 INFO  OpenCartProject:20 - Entered email
2024-09-07 19:09:825 INFO  OpenCartProject:23 - Entered password
2024-09-07 19:09:965 INFO  OpenCartProject:32 - Login successfully
2024-09-07 19:09:985 INFO  OpenCartProject:42 - Logged out successfully
2024-09-07 19:09:448 INFO  OpenCartProject:16 - URL is opened
2024-09-07 19:09:954 INFO  OpenCartProject:20 - Entered email
2024-09-07 19:09:149 INFO  OpenCartProject:23 - Entered password
2024-09-07 19:09:837 INFO  OpenCartProject:32 - Login successfully
2024-09-07 19:09:674 INFO  OpenCartProject:37 - Logged out successfully
2024-09-07 19:09:157 INFO  OpenCartProject:16 - URL is opened
2024-09-07 19:09:324 INFO  OpenCartProject:20 - Entered email
2024-09-07 19:09:457 INFO  OpenCartProject:23 - Entered password
2024-09-07 19:09:392 INFO  OpenCartProject:37 - Logged out successfully
2024-09-07 19:09:558 INFO  OpenCartProject:16 - URL is opened
2024-09-07 19:09:708 INFO  OpenCartProject:20 - Entered email
2024-09-07 19:09:837 INFO  OpenCartProject:23 - Entered password
2024-09-07 19:09:95 INFO  OpenCartProject:37 - Logged out successfully
2024-09-07 19:09:265 INFO  OpenCartProject:16 - URL is opened
2024-09-07 19:09:448 INFO  OpenCartProject:20 - Entered email
2024-09-07 19:09:573 INFO  OpenCartProject:23 - Entered password
2024-09-07 19:09:555 INFO  OpenCartProject:37 - Logged out successfully
2024-09-07 19:09:651 INFO  OpenCartProject:16 - URL is opened
2024-09-07 19:09:787 INFO  OpenCartProject:20 - Entered email
2024-09-07 19:09:929 INFO  OpenCartProject:23 - Entered password
2024-09-07 19:09:84 INFO  OpenCartProject:32 - Login successfully
2024-09-07 19:09:819 INFO  OpenCartProject:37 - Logged out successfully
2024-09-07 19:09:990 INFO  OpenCartProject:16 - URL is opened
2024-09-07 19:09:518 INFO  OpenCartProject:20 - Entered email
2024-09-07 19:09:681 INFO  OpenCartProject:23 - Entered password
2024-09-07 19:09:800 INFO  OpenCartProject:27 - login successfully
2024-09-07 19:09:555 INFO  OpenCartProject:29 - Logged out successfully
2024-09-07 19:09:803 INFO  OpenCartProject:16 - URL is opened
2024-09-07 19:09:962 INFO  OpenCartProject:20 - Entered email
2024-09-07 19:09:108 INFO  OpenCartProject:23 - Entered password
2024-09-07 19:09:221 INFO  OpenCartProject:27 - login successfully
2024-09-07 19:09:920 INFO  OpenCartProject:29 - Logged out successfully
2024-09-07 19:09:45 INFO  OpenCartProject:16 - URL is opened
2024-09-07 19:09:170 INFO  OpenCartProject:20 - Entered email
2024-09-07 19:09:317 INFO  OpenCartProject:23 - Entered password
2024-09-07 19:09:429 INFO  OpenCartProject:27 - login successfully
2024-09-07 19:09:129 INFO  OpenCartProject:29 - Logged out successfully
2024-09-07 19:09:371 INFO  OpenCartProject:16 - URL is opened
2024-09-07 19:09:557 INFO  OpenCartProject:20 - Entered email
2024-09-07 19:09:690 INFO  OpenCartProject:23 - Entered password
2024-09-07 19:09:814 INFO  OpenCartProject:27 - login successfully
2024-09-07 19:09:541 INFO  OpenCartProject:29 - Logged out successfully
2024-09-07 19:09:664 INFO  OpenCartProject:16 - URL is opened
2024-09-07 19:09:803 INFO  OpenCartProject:20 - Entered email
2024-09-07 19:09:925 INFO  OpenCartProject:23 - Entered password
2024-09-07 19:09:45 INFO  OpenCartProject:27 - login successfully
2024-09-07 19:09:36 INFO  OpenCartProject:29 - Logged out successfully
2024-09-07 19:09:556 INFO  OpenCartProject:16 - URL is opened
2024-09-07 19:09:158 INFO  OpenCartProject:20 - Entered email
2024-09-07 19:09:316 INFO  OpenCartProject:23 - Entered password
2024-09-07 19:09:495 INFO  OpenCartProject:26 - login successfully
2024-09-07 19:09:403 INFO  OpenCartProject:29 - Logged out successfully
2024-09-07 19:09:797 INFO  OpenCartProject:16 - URL is opened
2024-09-07 19:09:958 INFO  OpenCartProject:20 - Entered email
2024-09-07 19:09:109 INFO  OpenCartProject:23 - Entered password
2024-09-07 19:09:195 INFO  OpenCartProject:26 - login successfully
2024-09-07 19:09:37 INFO  OpenCartProject:29 - Logged out successfully
2024-09-07 19:09:780 INFO  OpenCartProject:16 - URL is opened
2024-09-07 19:09:914 INFO  OpenCartProject:20 - Entered email
2024-09-07 19:09:51 INFO  OpenCartProject:23 - Entered password
2024-09-07 19:09:178 INFO  OpenCartProject:26 - login successfully
2024-09-07 19:09:919 INFO  OpenCartProject:29 - Logged out successfully
2024-09-07 19:09:39 INFO  OpenCartProject:16 - URL is opened
2024-09-07 19:09:211 INFO  OpenCartProject:20 - Entered email
2024-09-07 19:09:356 INFO  OpenCartProject:23 - Entered password
2024-09-07 19:09:459 INFO  OpenCartProject:26 - login successfully
2024-09-07 19:09:179 INFO  OpenCartProject:29 - Logged out successfully
2024-09-07 19:09:709 INFO  OpenCartProject:16 - URL is opened
2024-09-07 19:09:840 INFO  OpenCartProject:20 - Entered email
2024-09-07 19:09:03 INFO  OpenCartProject:23 - Entered password
2024-09-07 19:09:122 INFO  OpenCartProject:26 - login successfully
2024-09-07 19:09:147 INFO  OpenCartProject:29 - Logged out successfully
2024-09-07 19:09:497 INFO  OpenCartProject:17 - URL is opened
2024-09-07 19:09:789 INFO  OpenCartProject:21 - entered email
2024-09-07 19:09:956 INFO  OpenCartProject:25 - entered password
2024-09-07 19:09:06 INFO  OpenCartProject:30 - logged out successfully
2024-09-07 19:09:996 INFO  OpenCartProject:17 - URL is opened
2024-09-07 19:09:137 INFO  OpenCartProject:21 - entered email
2024-09-07 19:09:292 INFO  OpenCartProject:25 - entered password
2024-09-07 19:09:186 INFO  OpenCartProject:17 - URL is opened
2024-09-07 19:09:323 INFO  OpenCartProject:21 - entered email
2024-09-07 19:09:471 INFO  OpenCartProject:25 - entered password
2024-09-07 19:09:335 INFO  OpenCartProject:30 - logged out successfully
2024-09-07 19:09:496 INFO  OpenCartProject:17 - URL is opened
2024-09-07 19:09:635 INFO  OpenCartProject:21 - entered email
2024-09-07 19:09:746 INFO  OpenCartProject:25 - entered password
2024-09-07 19:09:588 INFO  OpenCartProject:30 - logged out successfully
2024-09-07 19:09:707 INFO  OpenCartProject:17 - URL is opened
2024-09-07 19:09:849 INFO  OpenCartProject:21 - entered email
2024-09-07 19:09:04 INFO  OpenCartProject:25 - entered password
2024-09-07 19:09:895 INFO  OpenCartProject:30 - logged out successfully
2024-09-07 19:09:219 INFO  OpenCartProject:17 - URL is opened
2024-09-07 19:09:720 INFO  OpenCartProject:21 - entered email
2024-09-07 19:09:839 INFO  OpenCartProject:24 - entered password
2024-09-07 19:09:974 INFO  OpenCartProject:28 - login successfully
2024-09-07 19:09:804 INFO  OpenCartProject:31 - logged out successfully
2024-09-07 19:09:380 INFO  OpenCartProject:17 - URL is opened
2024-09-07 19:09:860 INFO  OpenCartProject:21 - entered email
2024-09-07 19:09:982 INFO  OpenCartProject:24 - entered password
2024-09-07 19:09:248 INFO  OpenCartProject:33 - login successfully
2024-09-07 19:09:02 INFO  OpenCartProject:36 - logged out successfully
2024-09-07 19:09:190 INFO  OpenCartProject:17 - URL is opened
2024-09-07 19:09:350 INFO  OpenCartProject:21 - entered email
2024-09-07 19:09:484 INFO  OpenCartProject:24 - entered password
2024-09-07 19:09:633 INFO  OpenCartProject:33 - login successfully
2024-09-07 19:09:331 INFO  OpenCartProject:36 - logged out successfully
2024-09-07 19:09:514 INFO  OpenCartProject:17 - URL is opened
2024-09-07 19:09:646 INFO  OpenCartProject:21 - entered email
2024-09-07 19:09:754 INFO  OpenCartProject:24 - entered password
2024-09-07 19:09:959 INFO  OpenCartProject:33 - login successfully
2024-09-07 19:09:649 INFO  OpenCartProject:36 - logged out successfully
2024-09-07 19:09:822 INFO  OpenCartProject:17 - URL is opened
2024-09-07 19:09:953 INFO  OpenCartProject:21 - entered email
2024-09-07 19:09:60 INFO  OpenCartProject:24 - entered password
2024-09-07 19:09:261 INFO  OpenCartProject:33 - login successfully
2024-09-07 19:09:924 INFO  OpenCartProject:36 - logged out successfully
2024-09-07 19:09:997 INFO  OpenCartProject:17 - URL is opened
2024-09-07 19:09:135 INFO  OpenCartProject:21 - entered email
2024-09-07 19:09:241 INFO  OpenCartProject:24 - entered password
2024-09-07 19:09:428 INFO  OpenCartProject:33 - login successfully
2024-09-07 19:09:101 INFO  OpenCartProject:36 - logged out successfully
2024-09-07 19:09:958 INFO  OpenCartProject:17 - URL is opened
2024-09-07 19:09:448 INFO  OpenCartProject:21 - entered email
2024-09-07 19:09:566 INFO  OpenCartProject:24 - entered password
2024-09-07 19:09:768 INFO  OpenCartProject:33 - login successfully
2024-09-07 19:09:441 INFO  OpenCartProject:41 - logged out successfully
2024-09-07 19:09:603 INFO  OpenCartProject:17 - URL is opened
2024-09-07 19:09:787 INFO  OpenCartProject:21 - entered email
2024-09-07 19:09:957 INFO  OpenCartProject:24 - entered password
2024-09-07 19:09:123 INFO  OpenCartProject:33 - login successfully
2024-09-07 19:09:825 INFO  OpenCartProject:41 - logged out successfully
2024-09-07 19:09:885 INFO  OpenCartProject:17 - URL is opened
2024-09-07 19:09:27 INFO  OpenCartProject:21 - entered email
2024-09-07 19:09:153 INFO  OpenCartProject:24 - entered password
2024-09-07 19:09:304 INFO  OpenCartProject:33 - login successfully
2024-09-07 19:09:968 INFO  OpenCartProject:41 - logged out successfully
2024-09-07 20:09:445 INFO  OpenCartProject:17 - URL is opened
2024-09-07 20:09:929 INFO  OpenCartProject:21 - entered email
2024-09-07 20:09:49 INFO  OpenCartProject:24 - entered password
2024-09-07 20:09:243 INFO  OpenCartProject:33 - login successfully
2024-09-07 20:09:345 INFO  OpenCartProject:41 - logged out successfully
2024-09-07 20:09:43 INFO  OpenCartProject:17 - URL is opened
2024-09-07 20:09:179 INFO  OpenCartProject:21 - entered email
2024-09-07 20:09:299 INFO  OpenCartProject:24 - entered password
2024-09-07 20:09:208 INFO  OpenCartProject:17 - URL is opened
2024-09-07 20:09:375 INFO  OpenCartProject:21 - entered email
2024-09-07 20:09:526 INFO  OpenCartProject:24 - entered password
2024-09-07 20:09:311 INFO  OpenCartProject:17 - URL is opened
2024-09-07 20:09:453 INFO  OpenCartProject:21 - entered email
2024-09-07 20:09:558 INFO  OpenCartProject:24 - entered password
2024-09-07 20:09:351 INFO  OpenCartProject:17 - URL is opened
2024-09-07 20:09:490 INFO  OpenCartProject:21 - entered email
2024-09-07 20:09:604 INFO  OpenCartProject:24 - entered password
2024-09-07 20:09:796 INFO  OpenCartProject:33 - login successfully
2024-09-07 20:09:469 INFO  OpenCartProject:41 - logged out successfully
2024-09-07 21:09:244 INFO  OpenCartProject:17 - URL is opened
2024-09-07 21:09:538 INFO  OpenCartProject:21 - entered email
2024-09-07 21:09:667 INFO  OpenCartProject:23 - entered password
2024-09-07 21:09:443 INFO  OpenCartProject:17 - URL is opened
2024-09-07 21:09:659 INFO  OpenCartProject:21 - entered email
2024-09-07 21:09:824 INFO  OpenCartProject:23 - entered password
2024-09-07 21:09:731 INFO  OpenCartProject:17 - URL is opened
2024-09-07 21:09:05 INFO  OpenCartProject:21 - entered email
2024-09-07 21:09:147 INFO  OpenCartProject:23 - entered password
2024-09-07 21:09:895 INFO  OpenCartProject:17 - URL is opened
2024-09-07 21:09:407 INFO  OpenCartProject:21 - entered email
2024-09-07 21:09:536 INFO  OpenCartProject:23 - entered password
2024-09-07 21:09:154 INFO  OpenCartProject:17 - URL is opened
2024-09-07 21:09:436 INFO  OpenCartProject:21 - entered email
2024-09-07 21:09:616 INFO  OpenCartProject:23 - entered password
2024-09-07 21:09:446 INFO  OpenCartProject:17 - URL is opened
2024-09-07 21:09:598 INFO  OpenCartProject:21 - entered email
2024-09-07 21:09:726 INFO  OpenCartProject:23 - entered password
2024-09-07 21:09:183 INFO  OpenCartProject:17 - URL is opened
2024-09-07 21:09:350 INFO  OpenCartProject:21 - entered email
2024-09-07 21:09:466 INFO  OpenCartProject:23 - entered password
2024-09-07 21:09:822 INFO  OpenCartProject:17 - URL is opened
2024-09-07 21:09:17 INFO  OpenCartProject:21 - entered email
2024-09-07 21:09:129 INFO  OpenCartProject:23 - entered password
2024-09-08 12:09:604 INFO  OpenCartProject:17 - URL is opened
2024-09-08 12:09:957 INFO  OpenCartProject:21 - entered email
2024-09-08 12:09:86 INFO  OpenCartProject:23 - entered password
2024-09-08 12:09:243 INFO  OpenCartProject:30 - Login succesffulyy
2024-09-08 12:09:445 INFO  OpenCartProject:17 - URL is opened
2024-09-08 12:09:594 INFO  OpenCartProject:21 - entered email
2024-09-08 12:09:720 INFO  OpenCartProject:23 - entered password
2024-09-08 12:09:829 INFO  OpenCartProject:17 - URL is opened
2024-09-08 12:09:99 INFO  OpenCartProject:21 - entered email
2024-09-08 12:09:273 INFO  OpenCartProject:23 - entered password
2024-09-08 12:09:430 INFO  OpenCartProject:17 - URL is opened
2024-09-08 12:09:697 INFO  OpenCartProject:21 - entered email
2024-09-08 12:09:798 INFO  OpenCartProject:23 - entered password
2024-09-08 12:09:537 INFO  OpenCartProject:17 - URL is opened
2024-09-08 12:09:673 INFO  OpenCartProject:21 - entered email
2024-09-08 12:09:789 INFO  OpenCartProject:23 - entered password
2024-09-08 12:09:923 INFO  OpenCartProject:30 - Login succesffulyy
2024-09-08 12:09:288 INFO  OpenCartProject:17 - URL is opened
2024-09-08 12:09:576 INFO  OpenCartProject:21 - entered email
2024-09-08 12:09:688 INFO  OpenCartProject:23 - entered password
2024-09-08 12:09:846 INFO  OpenCartProject:30 - Login succesffulyy
2024-09-08 12:09:700 INFO  OpenCartProject:17 - URL is opened
2024-09-08 12:09:944 INFO  OpenCartProject:21 - entered email
2024-09-08 12:09:89 INFO  OpenCartProject:23 - entered password
2024-09-08 12:09:09 INFO  OpenCartProject:17 - URL is opened
2024-09-08 12:09:156 INFO  OpenCartProject:21 - entered email
2024-09-08 12:09:263 INFO  OpenCartProject:23 - entered password
2024-09-08 12:09:113 INFO  OpenCartProject:17 - URL is opened
2024-09-08 12:09:265 INFO  OpenCartProject:21 - entered email
2024-09-08 12:09:366 INFO  OpenCartProject:23 - entered password
2024-09-08 12:09:412 INFO  OpenCartProject:17 - URL is opened
2024-09-08 12:09:536 INFO  OpenCartProject:21 - entered email
2024-09-08 12:09:634 INFO  OpenCartProject:23 - entered password
2024-09-08 12:09:789 INFO  OpenCartProject:30 - Login succesffulyy
2024-09-08 12:09:66 INFO  OpenCartProject:17 - URL is opened
2024-09-08 12:09:345 INFO  OpenCartProject:21 - entered email
2024-09-08 12:09:481 INFO  OpenCartProject:24 - entered password
2024-09-08 12:09:663 INFO  OpenCartProject:31 - Login succesffulyy
2024-09-08 12:09:665 INFO  OpenCartProject:17 - URL is opened
2024-09-08 12:09:828 INFO  OpenCartProject:21 - entered email
2024-09-08 12:09:959 INFO  OpenCartProject:24 - entered password
2024-09-08 12:09:666 INFO  OpenCartProject:17 - URL is opened
2024-09-08 12:09:972 INFO  OpenCartProject:21 - entered email
2024-09-08 12:09:117 INFO  OpenCartProject:24 - entered password
2024-09-08 12:09:986 INFO  OpenCartProject:17 - URL is opened
2024-09-08 12:09:161 INFO  OpenCartProject:21 - entered email
2024-09-08 12:09:561 INFO  OpenCartProject:24 - entered password
2024-09-08 12:09:452 INFO  OpenCartProject:17 - URL is opened
2024-09-08 12:09:747 INFO  OpenCartProject:21 - entered email
2024-09-08 12:09:920 INFO  OpenCartProject:24 - entered password
2024-09-08 12:09:50 INFO  OpenCartProject:31 - Login succesffulyy
2024-09-08 12:09:525 INFO  OpenCartProject:20 - URL is opened
2024-09-08 12:09:883 INFO  OpenCartProject:24 - entered email
2024-09-08 12:09:12 INFO  OpenCartProject:27 - entered password
2024-09-08 12:09:294 INFO  OpenCartProject:35 - Login succesffulyy
2024-09-08 12:09:713 INFO  OpenCartProject:43 - Logged out successfully
2024-09-08 12:09:426 INFO  OpenCartProject:20 - URL is opened
2024-09-08 12:09:606 INFO  OpenCartProject:24 - entered email
2024-09-08 12:09:794 INFO  OpenCartProject:27 - entered password
2024-09-08 12:09:948 INFO  OpenCartProject:40 - Login Failed
2024-09-08 12:09:234 INFO  OpenCartProject:43 - Logged out successfully
2024-09-08 12:09:349 INFO  OpenCartProject:20 - URL is opened
2024-09-08 12:09:475 INFO  OpenCartProject:24 - entered email
2024-09-08 12:09:624 INFO  OpenCartProject:27 - entered password
2024-09-08 12:09:14 INFO  OpenCartProject:17 - URL is opened
2024-09-08 12:09:242 INFO  OpenCartProject:21 - entered email
2024-09-08 12:09:590 INFO  OpenCartProject:24 - entered password
2024-09-08 12:09:989 INFO  OpenCartProject:32 - Login succesffulyy
2024-09-08 12:09:823 INFO  OpenCartProject:40 - Logged out successfully
2024-09-08 12:09:41 INFO  OpenCartProject:17 - URL is opened
2024-09-08 12:09:194 INFO  OpenCartProject:21 - entered email
2024-09-08 12:09:393 INFO  OpenCartProject:24 - entered password
2024-09-08 12:09:223 INFO  OpenCartProject:17 - URL is opened
2024-09-08 12:09:379 INFO  OpenCartProject:21 - entered email
2024-09-08 12:09:511 INFO  OpenCartProject:24 - entered password
2024-09-08 12:09:446 INFO  OpenCartProject:17 - URL is opened
2024-09-08 12:09:641 INFO  OpenCartProject:21 - entered email
2024-09-08 12:09:824 INFO  OpenCartProject:24 - entered password
2024-09-08 12:09:840 INFO  OpenCartProject:17 - URL is opened
2024-09-08 12:09:68 INFO  OpenCartProject:21 - entered email
2024-09-08 12:09:214 INFO  OpenCartProject:24 - entered password
2024-09-08 12:09:379 INFO  OpenCartProject:32 - Login succesffulyy
2024-09-08 12:09:19 INFO  OpenCartProject:40 - Logged out successfully
2024-09-08 12:09:914 INFO  OpenCartProject:17 - URL is opened
2024-09-08 12:09:208 INFO  OpenCartProject:21 - entered email
2024-09-08 12:09:581 INFO  OpenCartProject:24 - entered password
2024-09-08 12:09:563 INFO  OpenCartProject:17 - URL is opened
2024-09-08 12:09:729 INFO  OpenCartProject:21 - entered email
2024-09-08 12:09:859 INFO  OpenCartProject:24 - entered password
2024-09-08 12:09:20 INFO  OpenCartProject:32 - Login succesffulyy
2024-09-08 12:09:708 INFO  OpenCartProject:40 - Logged out successfully
2024-09-08 12:09:837 INFO  OpenCartProject:17 - URL is opened
2024-09-08 12:09:20 INFO  OpenCartProject:21 - entered email
2024-09-08 12:09:151 INFO  OpenCartProject:24 - entered password
2024-09-08 12:09:284 INFO  OpenCartProject:32 - Login succesffulyy
2024-09-08 12:09:998 INFO  OpenCartProject:40 - Logged out successfully
2024-09-08 12:09:59 INFO  OpenCartProject:17 - URL is opened
2024-09-08 12:09:205 INFO  OpenCartProject:21 - entered email
2024-09-08 12:09:349 INFO  OpenCartProject:24 - entered password
2024-09-08 12:09:470 INFO  OpenCartProject:32 - Login succesffulyy
2024-09-08 12:09:171 INFO  OpenCartProject:40 - Logged out successfully
2024-09-08 12:09:591 INFO  OpenCartProject:17 - URL is opened
2024-09-08 12:09:780 INFO  OpenCartProject:21 - entered email
2024-09-08 12:09:912 INFO  OpenCartProject:24 - entered password
2024-09-08 12:09:259 INFO  OpenCartProject:17 - URL is opened
2024-09-08 12:09:246 INFO  OpenCartProject:21 - entered email
2024-09-08 12:09:423 INFO  OpenCartProject:24 - entered password
2024-09-08 12:09:864 INFO  OpenCartProject:17 - URL is opened
2024-09-08 12:09:252 INFO  OpenCartProject:21 - entered email
2024-09-08 12:09:383 INFO  OpenCartProject:24 - entered password
2024-09-08 12:09:549 INFO  OpenCartProject:32 - Login succesffulyy
2024-09-08 12:09:313 INFO  OpenCartProject:40 - Logged out successfully
2024-09-08 12:09:375 INFO  OpenCartProject:17 - URL is opened
2024-09-08 12:09:509 INFO  OpenCartProject:21 - entered email
2024-09-08 12:09:633 INFO  OpenCartProject:24 - entered password
2024-09-08 12:09:905 INFO  OpenCartProject:32 - Login succesffulyy
2024-09-08 12:09:743 INFO  OpenCartProject:40 - Logged out successfully
2024-09-08 12:09:839 INFO  OpenCartProject:17 - URL is opened
2024-09-08 12:09:989 INFO  OpenCartProject:21 - entered email
2024-09-08 12:09:122 INFO  OpenCartProject:24 - entered password
2024-09-08 12:09:241 INFO  OpenCartProject:32 - Login succesffulyy
2024-09-08 12:09:920 INFO  OpenCartProject:40 - Logged out successfully
2024-09-08 12:09:26 INFO  OpenCartProject:17 - URL is opened
2024-09-08 12:09:153 INFO  OpenCartProject:21 - entered email
2024-09-08 12:09:333 INFO  OpenCartProject:24 - entered password
2024-09-08 12:09:245 INFO  OpenCartProject:17 - URL is opened
2024-09-08 12:09:524 INFO  OpenCartProject:21 - entered email
2024-09-08 12:09:665 INFO  OpenCartProject:24 - entered password
2024-09-08 12:09:562 INFO  OpenCartProject:17 - URL is opened
2024-09-08 12:09:729 INFO  OpenCartProject:21 - entered email
2024-09-08 12:09:878 INFO  OpenCartProject:24 - entered password
2024-09-08 12:09:677 INFO  OpenCartProject:17 - URL is opened
2024-09-08 12:09:982 INFO  OpenCartProject:21 - entered email
2024-09-08 12:09:130 INFO  OpenCartProject:24 - entered password
2024-09-08 12:09:302 INFO  OpenCartProject:30 - Login succesffulyy
2024-09-08 12:09:151 INFO  OpenCartProject:38 - Logged out successfully
2024-09-08 12:09:179 INFO  OpenCartProject:17 - URL is opened
2024-09-08 12:09:351 INFO  OpenCartProject:21 - entered email
2024-09-08 12:09:641 INFO  OpenCartProject:17 - URL is opened
2024-09-08 12:09:931 INFO  OpenCartProject:21 - entered email
2024-09-08 12:09:114 INFO  OpenCartProject:24 - entered password
2024-09-08 12:09:283 INFO  OpenCartProject:30 - Login succesffulyy
2024-09-08 12:09:943 INFO  OpenCartProject:38 - Logged out successfully
2024-09-08 12:09:911 INFO  OpenCartProject:17 - URL is opened
2024-09-08 12:09:79 INFO  OpenCartProject:21 - entered email
2024-09-08 12:09:256 INFO  OpenCartProject:24 - entered password
2024-09-08 12:09:416 INFO  OpenCartProject:30 - Login succesffulyy
2024-09-08 12:09:203 INFO  OpenCartProject:17 - URL is opened
2024-09-08 12:09:363 INFO  OpenCartProject:21 - entered email
2024-09-08 12:09:516 INFO  OpenCartProject:24 - entered password
2024-09-08 13:09:624 INFO  OpenCartProject:30 - Login succesffulyy
2024-09-08 13:09:283 INFO  OpenCartProject:38 - Logged out successfully
2024-09-08 13:09:356 INFO  OpenCartProject:17 - URL is opened
2024-09-08 13:09:543 INFO  OpenCartProject:21 - entered email
2024-09-08 13:09:705 INFO  OpenCartProject:24 - entered password
2024-09-08 13:09:849 INFO  OpenCartProject:30 - Login succesffulyy
2024-09-08 13:09:553 INFO  OpenCartProject:38 - Logged out successfully
2024-09-08 13:09:163 INFO  OpenCartProject:17 - URL is opened
2024-09-08 13:09:331 INFO  OpenCartProject:21 - entered email
2024-09-08 13:09:472 INFO  OpenCartProject:24 - entered password
2024-09-08 13:09:603 INFO  OpenCartProject:30 - Login succesffulyy
2024-09-08 13:09:596 INFO  OpenCartProject:38 - Logged out successfully
2024-09-08 13:09:952 INFO  OpenCartProject:20 - URL is opened
2024-09-08 13:09:454 INFO  OpenCartProject:25 - Entered email
2024-09-08 13:09:573 INFO  OpenCartProject:28 - Entered password
2024-09-08 13:09:555 INFO  OpenCartProject:20 - URL is opened
2024-09-08 13:09:749 INFO  OpenCartProject:25 - Entered email
2024-09-08 13:09:938 INFO  OpenCartProject:28 - Entered password
2024-09-08 13:09:771 INFO  OpenCartProject:20 - URL is opened
2024-09-08 13:09:20 INFO  OpenCartProject:25 - Entered email
2024-09-08 13:09:159 INFO  OpenCartProject:28 - Entered password
2024-09-08 13:09:959 INFO  OpenCartProject:20 - URL is opened
2024-09-08 13:09:200 INFO  OpenCartProject:25 - Entered email
2024-09-08 13:09:324 INFO  OpenCartProject:28 - Entered password
2024-09-08 13:09:744 INFO  OpenCartProject:39 - Login successfully
2024-09-08 13:09:729 INFO  OpenCartProject:43 - Logged out successfully
2024-09-08 13:09:11 INFO  OpenCartProject:20 - URL is opened
2024-09-08 13:09:254 INFO  OpenCartProject:25 - Entered email
2024-09-08 13:09:448 INFO  OpenCartProject:28 - Entered password
2024-09-08 13:09:238 INFO  OpenCartProject:20 - URL is opened
2024-09-08 13:09:379 INFO  OpenCartProject:25 - Entered email
2024-09-08 13:09:491 INFO  OpenCartProject:28 - Entered password
2024-09-08 13:09:270 INFO  OpenCartProject:20 - URL is opened
2024-09-08 13:09:421 INFO  OpenCartProject:25 - Entered email
2024-09-08 13:09:538 INFO  OpenCartProject:28 - Entered password
2024-09-08 13:09:259 INFO  OpenCartProject:20 - URL is opened
2024-09-08 13:09:398 INFO  OpenCartProject:25 - Entered email
2024-09-08 13:09:503 INFO  OpenCartProject:28 - Entered password
2024-09-08 13:09:429 INFO  OpenCartProject:39 - Login successfully
2024-09-08 13:09:102 INFO  OpenCartProject:43 - Logged out successfully
2024-09-08 13:09:48 INFO  OpenCartProject:25 - URL is opened
2024-09-08 13:09:334 INFO  OpenCartProject:30 - Entered email: vempalli@gmail.com
2024-09-08 13:09:454 INFO  OpenCartProject:33 - Entered password
2024-09-08 13:09:471 INFO  OpenCartProject:43 - Login successfully with email: vempalli@gmail.com
2024-09-08 13:09:235 INFO  OpenCartProject:47 - Logged out successfully
2024-09-08 13:09:515 INFO  OpenCartProject:25 - URL is opened
2024-09-08 13:09:685 INFO  OpenCartProject:30 - Entered email: naveen@gmail.com
2024-09-08 13:09:833 INFO  OpenCartProject:33 - Entered password
2024-09-08 13:09:609 INFO  OpenCartProject:51 - Login failed for email: naveen@gmail.com
2024-09-08 13:09:06 INFO  OpenCartProject:25 - URL is opened
2024-09-08 13:09:146 INFO  OpenCartProject:30 - Entered email: reddy@gmail.com
2024-09-08 13:09:271 INFO  OpenCartProject:33 - Entered password
2024-09-08 13:09:979 INFO  OpenCartProject:51 - Login failed for email: reddy@gmail.com
2024-09-08 13:09:307 INFO  OpenCartProject:25 - URL is opened
2024-09-08 13:09:477 INFO  OpenCartProject:30 - Entered email: srikanth@gmail.com
2024-09-08 13:09:601 INFO  OpenCartProject:33 - Entered password
2024-09-08 13:09:375 INFO  OpenCartProject:51 - Login failed for email: srikanth@gmail.com
2024-09-08 13:09:87 INFO  OpenCartProject:25 - URL is opened
2024-09-08 13:09:209 INFO  OpenCartProject:30 - Entered email: vempalli@gmail.com
2024-09-08 13:09:310 INFO  OpenCartProject:33 - Entered password
2024-09-08 13:09:204 INFO  OpenCartProject:43 - Login successfully with email: vempalli@gmail.com
2024-09-08 13:09:888 INFO  OpenCartProject:47 - Logged out successfully
2024-09-08 13:09:740 INFO  OpenCartProject:24 - URL is opened
2024-09-08 13:09:10 INFO  OpenCartProject:28 - Entered email: vempalli@gmail.com
2024-09-08 13:09:142 INFO  OpenCartProject:31 - Entered password
2024-09-08 13:09:574 INFO  OpenCartProject:44 - Login failed for email: vempalli@gmail.com
2024-09-08 14:09:172 INFO  OpenCartProject:24 - URL is opened
2024-09-08 14:09:479 INFO  OpenCartProject:28 - Entered email: vempalli@gmail.com
2024-09-08 14:09:598 INFO  OpenCartProject:31 - Entered password
2024-09-08 14:09:373 INFO  OpenCartProject:44 - Login failed for email: vempalli@gmail.com
2024-09-08 14:09:185 INFO  OpenCartProject:24 - URL is opened
2024-09-08 14:09:330 INFO  OpenCartProject:28 - Entered email: naveen@gmail.com
2024-09-08 14:09:456 INFO  OpenCartProject:31 - Entered password
2024-09-08 14:09:507 INFO  OpenCartProject:44 - Login failed for email: naveen@gmail.com
2024-09-08 14:09:757 INFO  OpenCartProject:24 - URL is opened
2024-09-08 14:09:244 INFO  OpenCartProject:28 - Entered email: vempalli@gmail.com
2024-09-08 14:09:375 INFO  OpenCartProject:31 - Entered password
2024-09-08 14:09:196 INFO  OpenCartProject:45 - Login failed for email: vempalli@gmail.com
2024-09-08 14:09:709 INFO  OpenCartProject:24 - URL is opened
2024-09-08 14:09:842 INFO  OpenCartProject:28 - Entered email: naveen@gmail.com
2024-09-08 14:09:949 INFO  OpenCartProject:31 - Entered password
2024-09-08 14:09:949 INFO  OpenCartProject:17 - URL is opened
2024-09-08 14:09:439 INFO  OpenCartProject:21 - entered email
2024-09-08 14:09:568 INFO  OpenCartProject:23 - entered password
2024-09-08 14:09:659 INFO  OpenCartProject:17 - URL is opened
2024-09-08 14:09:850 INFO  OpenCartProject:21 - entered email
2024-09-08 14:09:967 INFO  OpenCartProject:23 - entered password
2024-09-08 14:09:32 INFO  OpenCartProject:17 - URL is opened
2024-09-08 14:09:182 INFO  OpenCartProject:21 - entered email
2024-09-08 14:09:317 INFO  OpenCartProject:23 - entered password
2024-09-08 14:09:256 INFO  OpenCartProject:17 - URL is opened
2024-09-08 14:09:395 INFO  OpenCartProject:21 - entered email
2024-09-08 14:09:499 INFO  OpenCartProject:23 - entered password
2024-09-08 14:09:416 INFO  OpenCartProject:17 - URL is opened
2024-09-08 14:09:550 INFO  OpenCartProject:21 - entered email
2024-09-08 14:09:660 INFO  OpenCartProject:23 - entered password
2024-09-08 14:09:360 INFO  OpenCartProject:17 - URL is opened
2024-09-08 14:09:842 INFO  OpenCartProject:21 - entered email
2024-09-08 14:09:06 INFO  OpenCartProject:24 - entered password
2024-09-08 14:09:644 INFO  OpenCartProject:17 - URL is opened
2024-09-08 14:09:949 INFO  OpenCartProject:21 - entered email
2024-09-08 14:09:104 INFO  OpenCartProject:24 - entered password
2024-09-08 14:09:62 INFO  OpenCartProject:17 - URL is opened
2024-09-08 14:09:258 INFO  OpenCartProject:21 - entered email
2024-09-08 14:09:423 INFO  OpenCartProject:24 - entered password
2024-09-08 14:09:68 INFO  OpenCartProject:17 - URL is opened
2024-09-08 14:09:838 INFO  OpenCartProject:21 - entered email
2024-09-08 14:09:10 INFO  OpenCartProject:24 - entered password
2024-09-08 14:09:195 INFO  OpenCartProject:32 - login successfully
2024-09-08 14:09:253 INFO  OpenCartProject:34 - logged out successfully
2024-09-08 14:09:424 INFO  OpenCartProject:17 - URL is opened
2024-09-08 14:09:564 INFO  OpenCartProject:21 - entered email
2024-09-08 14:09:700 INFO  OpenCartProject:24 - entered password
2024-09-08 14:09:520 INFO  OpenCartProject:17 - URL is opened
2024-09-08 14:09:655 INFO  OpenCartProject:21 - entered email
2024-09-08 14:09:789 INFO  OpenCartProject:24 - entered password
2024-09-08 14:09:582 INFO  OpenCartProject:17 - URL is opened
2024-09-08 14:09:726 INFO  OpenCartProject:21 - entered email
2024-09-08 14:09:861 INFO  OpenCartProject:24 - entered password
2024-09-08 14:09:617 INFO  OpenCartProject:17 - URL is opened
2024-09-08 14:09:768 INFO  OpenCartProject:21 - entered email
2024-09-08 14:09:924 INFO  OpenCartProject:24 - entered password
2024-09-08 14:09:61 INFO  OpenCartProject:32 - login successfully
2024-09-08 14:09:766 INFO  OpenCartProject:34 - logged out successfully
2024-09-08 14:09:732 INFO  OpenCartProject:17 - URL is opened
2024-09-08 14:09:222 INFO  OpenCartProject:21 - entered email
2024-09-08 14:09:403 INFO  OpenCartProject:24 - entered password
2024-09-08 14:09:655 INFO  OpenCartProject:32 - login successfully
2024-09-08 14:09:384 INFO  OpenCartProject:34 - logged out successfully
2024-09-08 14:09:748 INFO  OpenCartProject:17 - URL is opened
2024-09-08 14:09:908 INFO  OpenCartProject:21 - entered email
2024-09-08 14:09:67 INFO  OpenCartProject:24 - entered password
2024-09-08 14:09:867 INFO  OpenCartProject:17 - URL is opened
2024-09-08 14:09:999 INFO  OpenCartProject:21 - entered email
2024-09-08 14:09:188 INFO  OpenCartProject:24 - entered password
2024-09-08 14:09:950 INFO  OpenCartProject:17 - URL is opened
2024-09-08 14:09:113 INFO  OpenCartProject:21 - entered email
2024-09-08 14:09:288 INFO  OpenCartProject:24 - entered password
2024-09-08 14:09:20 INFO  OpenCartProject:17 - URL is opened
2024-09-08 14:09:162 INFO  OpenCartProject:21 - entered email
2024-09-08 14:09:327 INFO  OpenCartProject:24 - entered password
2024-09-08 14:09:489 INFO  OpenCartProject:32 - login successfully
2024-09-08 14:09:182 INFO  OpenCartProject:34 - logged out successfully
2024-09-08 14:09:375 INFO  OpenCartProject:17 - URL is opened
2024-09-08 14:09:774 INFO  OpenCartProject:21 - entered email
2024-09-08 14:09:910 INFO  OpenCartProject:24 - entered password
2024-09-08 14:09:96 INFO  OpenCartProject:32 - login successfully
2024-09-08 14:09:922 INFO  OpenCartProject:34 - logged out successfully
2024-09-08 14:09:243 INFO  OpenCartProject:17 - URL is opened
2024-09-08 14:09:454 INFO  OpenCartProject:21 - entered email
2024-09-08 14:09:597 INFO  OpenCartProject:24 - entered password
2024-09-08 14:09:589 INFO  OpenCartProject:17 - URL is opened
2024-09-08 14:09:769 INFO  OpenCartProject:21 - entered email
2024-09-08 14:09:903 INFO  OpenCartProject:24 - entered password
2024-09-08 14:09:714 INFO  OpenCartProject:17 - URL is opened
2024-09-08 14:09:963 INFO  OpenCartProject:21 - entered email
2024-09-08 14:09:233 INFO  OpenCartProject:24 - entered password
2024-09-08 14:09:998 INFO  OpenCartProject:17 - URL is opened
2024-09-08 14:09:136 INFO  OpenCartProject:21 - entered email
2024-09-08 14:09:341 INFO  OpenCartProject:24 - entered password
2024-09-08 14:09:501 INFO  OpenCartProject:32 - login successfully
2024-09-08 14:09:150 INFO  OpenCartProject:34 - logged out successfully
2024-09-09 10:09:716 INFO  OpenCartProject:17 - URL is opened
2024-09-09 10:09:206 INFO  OpenCartProject:21 - entered email
2024-09-09 10:09:359 INFO  OpenCartProject:24 - entered password
2024-09-09 10:09:561 INFO  OpenCartProject:32 - login successfully
2024-09-09 10:09:98 INFO  OpenCartProject:34 - logged out successfully
2024-09-09 10:09:278 INFO  OpenCartProject:17 - URL is opened
2024-09-09 10:09:470 INFO  OpenCartProject:21 - entered email
2024-09-09 10:09:641 INFO  OpenCartProject:24 - entered password
2024-09-09 10:09:638 INFO  OpenCartProject:17 - URL is opened
2024-09-09 10:09:816 INFO  OpenCartProject:21 - entered email
2024-09-09 10:09:952 INFO  OpenCartProject:24 - entered password
2024-09-09 10:09:855 INFO  OpenCartProject:17 - URL is opened
2024-09-09 10:09:37 INFO  OpenCartProject:21 - entered email
2024-09-09 10:09:164 INFO  OpenCartProject:24 - entered password
2024-09-09 10:09:37 INFO  OpenCartProject:17 - URL is opened
2024-09-09 10:09:192 INFO  OpenCartProject:21 - entered email
2024-09-09 10:09:342 INFO  OpenCartProject:24 - entered password
2024-09-09 10:09:482 INFO  OpenCartProject:32 - login successfully
2024-09-09 10:09:654 INFO  OpenCartProject:34 - logged out successfully
2024-09-09 10:09:920 INFO  OpenCartProject:17 - URL is opened
2024-09-09 10:09:505 INFO  OpenCartProject:21 - entered email
2024-09-09 10:09:661 INFO  OpenCartProject:24 - entered password
2024-09-09 10:09:856 INFO  OpenCartProject:32 - login successfully
2024-09-09 10:09:923 INFO  OpenCartProject:34 - logged out successfully
2024-09-09 10:09:140 INFO  OpenCartProject:17 - URL is opened
2024-09-09 10:09:311 INFO  OpenCartProject:21 - entered email
2024-09-09 10:09:437 INFO  OpenCartProject:24 - entered password
2024-09-09 10:09:283 INFO  OpenCartProject:17 - URL is opened
2024-09-09 10:09:430 INFO  OpenCartProject:21 - entered email
2024-09-09 10:09:568 INFO  OpenCartProject:24 - entered password
2024-09-09 10:09:444 INFO  OpenCartProject:17 - URL is opened
2024-09-09 10:09:613 INFO  OpenCartProject:21 - entered email
2024-09-09 10:09:755 INFO  OpenCartProject:24 - entered password
2024-09-09 10:09:641 INFO  OpenCartProject:17 - URL is opened
2024-09-09 10:09:789 INFO  OpenCartProject:21 - entered email
2024-09-09 10:09:921 INFO  OpenCartProject:24 - entered password
2024-09-09 10:09:55 INFO  OpenCartProject:32 - login successfully
2024-09-09 10:09:719 INFO  OpenCartProject:34 - logged out successfully
2024-09-09 10:09:526 INFO  OpenCartProject:17 - URL is opened
2024-09-09 10:09:208 INFO  OpenCartProject:21 - entered email
2024-09-09 10:09:74 INFO  OpenCartProject:24 - entered password
2024-09-09 10:09:366 INFO  OpenCartProject:32 - login successfully
2024-09-09 10:09:853 INFO  OpenCartProject:34 - logged out successfully
2024-09-09 10:09:434 INFO  OpenCartProject:17 - URL is opened
2024-09-09 10:09:636 INFO  OpenCartProject:21 - entered email
2024-09-09 10:09:815 INFO  OpenCartProject:24 - entered password
2024-09-09 10:09:33 INFO  OpenCartProject:17 - URL is opened
2024-09-09 10:09:268 INFO  OpenCartProject:21 - entered email
2024-09-09 10:09:505 INFO  OpenCartProject:24 - entered password
2024-09-09 10:09:668 INFO  OpenCartProject:17 - URL is opened
2024-09-09 10:09:892 INFO  OpenCartProject:21 - entered email
2024-09-09 10:09:10 INFO  OpenCartProject:24 - entered password
2024-09-09 10:09:413 INFO  OpenCartProject:17 - URL is opened
2024-09-09 10:09:595 INFO  OpenCartProject:21 - entered email
2024-09-09 10:09:736 INFO  OpenCartProject:24 - entered password
2024-09-09 10:09:846 INFO  OpenCartProject:32 - login successfully
2024-09-09 10:09:624 INFO  OpenCartProject:34 - logged out successfully
2024-09-09 11:09:894 INFO  OpenCartProject:17 - URL is opened
2024-09-09 11:09:695 INFO  OpenCartProject:21 - entered email
2024-09-09 11:09:779 INFO  OpenCartProject:24 - entered password
2024-09-09 11:09:759 INFO  OpenCartProject:32 - login successfully
2024-09-09 11:09:03 INFO  OpenCartProject:34 - logged out successfully
2024-09-09 11:09:541 INFO  OpenCartProject:17 - URL is opened
2024-09-09 11:09:752 INFO  OpenCartProject:21 - entered email
2024-09-09 11:09:942 INFO  OpenCartProject:24 - entered password
2024-09-09 11:09:01 INFO  OpenCartProject:17 - URL is opened
2024-09-09 11:09:199 INFO  OpenCartProject:21 - entered email
2024-09-09 11:09:516 INFO  OpenCartProject:24 - entered password
2024-09-09 11:09:450 INFO  OpenCartProject:17 - URL is opened
2024-09-09 11:09:699 INFO  OpenCartProject:21 - entered email
2024-09-09 11:09:881 INFO  OpenCartProject:24 - entered password
2024-09-09 11:09:296 INFO  OpenCartProject:17 - URL is opened
2024-09-09 11:09:615 INFO  OpenCartProject:21 - entered email
2024-09-09 11:09:843 INFO  OpenCartProject:24 - entered password
2024-09-09 11:09:43 INFO  OpenCartProject:32 - login successfully
2024-09-09 11:09:796 INFO  OpenCartProject:34 - logged out successfully
2024-09-09 18:09:512 INFO  OpenCartProject:17 - URL is opened
2024-09-09 18:09:168 INFO  OpenCartProject:21 - entered email
2024-09-09 18:09:328 INFO  OpenCartProject:24 - entered password
2024-09-09 18:09:598 INFO  OpenCartProject:32 - login successfully
2024-09-09 18:09:541 INFO  OpenCartProject:17 - URL is opened
2024-09-09 18:09:686 INFO  OpenCartProject:21 - entered email
2024-09-09 18:09:846 INFO  OpenCartProject:24 - entered password
2024-09-09 18:09:654 INFO  OpenCartProject:17 - URL is opened
2024-09-09 18:09:807 INFO  OpenCartProject:21 - entered email
2024-09-09 18:09:914 INFO  OpenCartProject:24 - entered password
2024-09-09 18:09:994 INFO  OpenCartProject:17 - URL is opened
2024-09-09 18:09:116 INFO  OpenCartProject:21 - entered email
2024-09-09 18:09:516 INFO  OpenCartProject:24 - entered password
2024-09-09 18:09:337 INFO  OpenCartProject:17 - URL is opened
2024-09-09 18:09:499 INFO  OpenCartProject:21 - entered email
2024-09-09 18:09:779 INFO  OpenCartProject:24 - entered password
2024-09-09 18:09:97 INFO  OpenCartProject:32 - login successfully
2024-09-09 19:09:631 INFO  OpenCartProject:17 - URL is opened
2024-09-09 19:09:69 INFO  OpenCartProject:21 - entered email
2024-09-09 19:09:244 INFO  OpenCartProject:24 - entered password
2024-09-09 19:09:929 INFO  OpenCartProject:17 - URL is opened
2024-09-09 19:09:331 INFO  OpenCartProject:21 - entered email
2024-09-09 19:09:461 INFO  OpenCartProject:24 - entered password
2024-09-09 19:09:666 INFO  OpenCartProject:32 - login successfully
2024-09-09 19:09:457 INFO  OpenCartProject:17 - URL is opened
2024-09-09 19:09:604 INFO  OpenCartProject:21 - entered email
2024-09-09 19:09:742 INFO  OpenCartProject:24 - entered password
2024-09-09 19:09:539 INFO  OpenCartProject:17 - URL is opened
2024-09-09 19:09:724 INFO  OpenCartProject:21 - entered email
2024-09-09 19:09:855 INFO  OpenCartProject:24 - entered password
2024-09-09 19:09:778 INFO  OpenCartProject:17 - URL is opened
2024-09-09 19:09:905 INFO  OpenCartProject:21 - entered email
2024-09-09 19:09:36 INFO  OpenCartProject:24 - entered password
2024-09-09 19:09:704 INFO  OpenCartProject:17 - URL is opened
2024-09-09 19:09:849 INFO  OpenCartProject:21 - entered email
2024-09-09 19:09:994 INFO  OpenCartProject:24 - entered password
2024-09-09 19:09:119 INFO  OpenCartProject:32 - login successfully
2024-09-09 19:09:407 INFO  OpenCartProject:17 - URL is opened
2024-09-09 19:09:652 INFO  OpenCartProject:21 - entered email
2024-09-09 19:09:785 INFO  OpenCartProject:24 - entered password
2024-09-09 19:09:969 INFO  OpenCartProject:32 - login successfully
2024-09-09 19:09:633 INFO  OpenCartProject:17 - URL is opened
2024-09-09 19:09:777 INFO  OpenCartProject:21 - entered email
2024-09-09 19:09:902 INFO  OpenCartProject:24 - entered password
2024-09-09 19:09:626 INFO  OpenCartProject:17 - URL is opened
2024-09-09 19:09:795 INFO  OpenCartProject:21 - entered email
2024-09-09 19:09:939 INFO  OpenCartProject:24 - entered password
2024-09-09 19:09:646 INFO  OpenCartProject:17 - URL is opened
2024-09-09 19:09:766 INFO  OpenCartProject:21 - entered email
2024-09-09 19:09:979 INFO  OpenCartProject:24 - entered password
2024-09-09 19:09:645 INFO  OpenCartProject:17 - URL is opened
2024-09-09 19:09:799 INFO  OpenCartProject:21 - entered email
2024-09-09 19:09:949 INFO  OpenCartProject:24 - entered password
2024-09-09 19:09:104 INFO  OpenCartProject:32 - login successfully
2024-09-09 19:09:559 INFO  OpenCartProject:17 - URL is opened
2024-09-09 19:09:38 INFO  OpenCartProject:21 - entered email
2024-09-09 19:09:169 INFO  OpenCartProject:24 - entered password
2024-09-09 19:09:331 INFO  OpenCartProject:32 - login successfully
2024-09-09 19:09:400 INFO  OpenCartProject:35 - logged out successfully
2024-09-09 19:09:729 INFO  OpenCartProject:17 - URL is opened
2024-09-09 19:09:861 INFO  OpenCartProject:21 - entered email
2024-09-09 19:09:12 INFO  OpenCartProject:24 - entered password
2024-09-09 19:09:893 INFO  OpenCartProject:17 - URL is opened
2024-09-09 19:09:29 INFO  OpenCartProject:21 - entered email
2024-09-09 19:09:164 INFO  OpenCartProject:24 - entered password
2024-09-09 19:09:942 INFO  OpenCartProject:17 - URL is opened
2024-09-09 19:09:72 INFO  OpenCartProject:21 - entered email
2024-09-09 19:09:203 INFO  OpenCartProject:24 - entered password
2024-09-09 19:09:60 INFO  OpenCartProject:17 - URL is opened
2024-09-09 19:09:201 INFO  OpenCartProject:21 - entered email
2024-09-09 19:09:352 INFO  OpenCartProject:24 - entered password
2024-09-09 19:09:509 INFO  OpenCartProject:32 - login successfully
2024-09-09 19:09:674 INFO  OpenCartProject:35 - logged out successfully
2024-09-09 19:09:511 INFO  OpenCartProject:25 - URL is opened
2024-09-09 19:09:884 INFO  OpenCartProject:30 - Entered email
2024-09-09 19:09:982 INFO  OpenCartProject:33 - Entered password
2024-09-09 19:09:146 INFO  OpenCartProject:37 - Clicked login
2024-09-09 19:09:834 INFO  OpenCartProject:25 - URL is opened
2024-09-09 19:09:71 INFO  OpenCartProject:30 - Entered email
2024-09-09 19:09:279 INFO  OpenCartProject:33 - Entered password
2024-09-09 19:09:544 INFO  OpenCartProject:37 - Clicked login
2024-09-09 19:09:199 INFO  OpenCartProject:25 - URL is opened
2024-09-09 19:09:331 INFO  OpenCartProject:30 - Entered email
2024-09-09 19:09:434 INFO  OpenCartProject:33 - Entered password
2024-09-09 19:09:553 INFO  OpenCartProject:37 - Clicked login
2024-09-09 19:09:129 INFO  OpenCartProject:25 - URL is opened
2024-09-09 19:09:264 INFO  OpenCartProject:30 - Entered email
2024-09-09 19:09:375 INFO  OpenCartProject:33 - Entered password
2024-09-09 19:09:493 INFO  OpenCartProject:37 - Clicked login
2024-09-09 19:09:51 INFO  OpenCartProject:25 - URL is opened
2024-09-09 19:09:168 INFO  OpenCartProject:30 - Entered email
2024-09-09 19:09:260 INFO  OpenCartProject:33 - Entered password
2024-09-09 19:09:369 INFO  OpenCartProject:37 - Clicked login
2024-09-09 19:09:239 INFO  OpenCartProject:17 - URL is opened
2024-09-09 19:09:634 INFO  OpenCartProject:21 - entered email
2024-09-09 19:09:772 INFO  OpenCartProject:24 - entered password
2024-09-09 19:09:530 INFO  OpenCartProject:17 - URL is opened
2024-09-09 19:09:975 INFO  OpenCartProject:17 - URL is opened
2024-09-09 19:09:250 INFO  OpenCartProject:21 - entered email
2024-09-09 19:09:402 INFO  OpenCartProject:24 - entered password
2024-09-09 19:09:226 INFO  OpenCartProject:17 - URL is opened
2024-09-09 19:09:349 INFO  OpenCartProject:21 - entered email
2024-09-09 19:09:476 INFO  OpenCartProject:24 - entered password
2024-09-09 19:09:571 INFO  OpenCartProject:17 - URL is opened
2024-09-09 19:09:827 INFO  OpenCartProject:21 - entered email
2024-09-09 19:09:611 INFO  OpenCartProject:21 - URL is opened
2024-09-09 19:09:29 INFO  OpenCartProject:25 - entered email
2024-09-09 19:09:229 INFO  OpenCartProject:28 - entered password
2024-09-09 19:09:446 INFO  OpenCartProject:36 - login successfully
2024-09-09 19:09:223 INFO  OpenCartProject:21 - URL is opened
2024-09-09 19:09:386 INFO  OpenCartProject:25 - entered email
2024-09-09 19:09:565 INFO  OpenCartProject:28 - entered password
2024-09-09 19:09:333 INFO  OpenCartProject:21 - URL is opened
2024-09-09 19:09:469 INFO  OpenCartProject:25 - entered email
2024-09-09 19:09:586 INFO  OpenCartProject:28 - entered password
2024-09-09 19:09:546 INFO  OpenCartProject:21 - URL is opened
2024-09-09 19:09:682 INFO  OpenCartProject:25 - entered email
2024-09-09 19:09:861 INFO  OpenCartProject:28 - entered password
2024-09-09 19:09:512 INFO  OpenCartProject:21 - URL is opened
2024-09-09 19:09:661 INFO  OpenCartProject:25 - entered email
2024-09-09 19:09:794 INFO  OpenCartProject:28 - entered password
2024-09-09 19:09:964 INFO  OpenCartProject:36 - login successfully
2024-09-09 19:09:16 INFO  OpenCartProject:21 - URL is opened
2024-09-09 19:09:878 INFO  OpenCartProject:25 - entered email
2024-09-09 19:09:07 INFO  OpenCartProject:28 - entered password
2024-09-09 19:09:178 INFO  OpenCartProject:36 - login successfully
2024-09-09 19:09:91 INFO  OpenCartProject:21 - URL is opened
2024-09-09 19:09:245 INFO  OpenCartProject:25 - entered email
2024-09-09 19:09:419 INFO  OpenCartProject:28 - entered password
2024-09-09 19:09:156 INFO  OpenCartProject:21 - URL is opened
2024-09-09 19:09:324 INFO  OpenCartProject:25 - entered email
2024-09-09 19:09:464 INFO  OpenCartProject:28 - entered password
2024-09-09 19:09:138 INFO  OpenCartProject:21 - URL is opened
2024-09-09 19:09:248 INFO  OpenCartProject:25 - entered email
2024-09-09 19:09:421 INFO  OpenCartProject:28 - entered password
2024-09-09 19:09:113 INFO  OpenCartProject:21 - URL is opened
2024-09-09 19:09:221 INFO  OpenCartProject:25 - entered email
2024-09-09 19:09:316 INFO  OpenCartProject:28 - entered password
2024-09-09 19:09:443 INFO  OpenCartProject:36 - login successfully
2024-09-09 19:09:794 INFO  OpenCartProject:18 - URL is opened
2024-09-09 19:09:305 INFO  OpenCartProject:18 - URL is opened
2024-09-09 19:09:949 INFO  OpenCartProject:22 - entered email
2024-09-09 19:09:90 INFO  OpenCartProject:25 - entered password
2024-09-09 19:09:900 INFO  OpenCartProject:18 - URL is opened
2024-09-09 19:09:712 INFO  OpenCartProject:22 - entered email
2024-09-09 19:09:812 INFO  OpenCartProject:25 - entered password
2024-09-09 19:09:449 INFO  OpenCartProject:18 - URL is opened
2024-09-09 19:09:192 INFO  OpenCartProject:22 - entered email
2024-09-09 19:09:323 INFO  OpenCartProject:25 - entered password
2024-09-09 19:09:999 INFO  OpenCartProject:18 - URL is opened
2024-09-09 19:09:736 INFO  OpenCartProject:22 - entered email
2024-09-09 19:09:876 INFO  OpenCartProject:25 - entered password
2024-09-09 21:09:378 INFO  OpenCartProject:18 - URL is opened
2024-09-09 21:09:96 INFO  OpenCartProject:22 - entered email
2024-09-09 21:09:235 INFO  OpenCartProject:25 - entered password
2024-09-09 21:09:383 INFO  OpenCartProject:18 - URL is opened
2024-09-09 21:09:688 INFO  OpenCartProject:22 - entered email
2024-09-09 21:09:829 INFO  OpenCartProject:25 - entered password
2024-09-09 21:09:695 INFO  OpenCartProject:18 - URL is opened
2024-09-09 21:09:828 INFO  OpenCartProject:22 - entered email
2024-09-09 21:09:967 INFO  OpenCartProject:25 - entered password
2024-09-09 21:09:653 INFO  OpenCartProject:18 - URL is opened
2024-09-09 21:09:774 INFO  OpenCartProject:22 - entered email
2024-09-09 21:09:930 INFO  OpenCartProject:25 - entered password
2024-09-09 21:09:251 INFO  OpenCartProject:18 - URL is opened
2024-09-09 21:09:714 INFO  OpenCartProject:22 - entered email
2024-09-09 21:09:965 INFO  OpenCartProject:25 - entered password
2024-09-09 21:09:611 INFO  OpenCartProject:33 - login successfully
2024-09-09 21:09:373 INFO  OpenCartProject:37 - logged out successfully
2024-09-09 21:09:332 INFO  OpenCartProject:18 - URL is opened
2024-09-09 21:09:599 INFO  OpenCartProject:22 - entered email
2024-09-09 21:09:757 INFO  OpenCartProject:25 - entered password
2024-09-09 21:09:950 INFO  OpenCartProject:33 - login successfully
2024-09-09 21:09:769 INFO  OpenCartProject:37 - logged out successfully
2024-09-09 21:09:27 INFO  OpenCartProject:18 - URL is opened
2024-09-09 21:09:233 INFO  OpenCartProject:22 - entered email
2024-09-09 21:09:382 INFO  OpenCartProject:25 - entered password
2024-09-09 21:09:237 INFO  OpenCartProject:18 - URL is opened
2024-09-09 21:09:367 INFO  OpenCartProject:22 - entered email
2024-09-09 21:09:483 INFO  OpenCartProject:25 - entered password
2024-09-09 21:09:242 INFO  OpenCartProject:18 - URL is opened
2024-09-09 21:09:387 INFO  OpenCartProject:22 - entered email
2024-09-09 21:09:574 INFO  OpenCartProject:25 - entered password
2024-09-09 21:09:684 INFO  OpenCartProject:18 - URL is opened
2024-09-09 21:09:818 INFO  OpenCartProject:22 - entered email
2024-09-09 21:09:07 INFO  OpenCartProject:25 - entered password
2024-09-09 21:09:166 INFO  OpenCartProject:33 - login successfully
2024-09-09 21:09:156 INFO  OpenCartProject:37 - logged out successfully
2024-09-09 21:09:358 INFO  OpenCartProject:18 - URL is opened
2024-09-09 21:09:201 INFO  OpenCartProject:22 - entered email
2024-09-09 21:09:366 INFO  OpenCartProject:25 - entered password
2024-09-09 21:09:579 INFO  OpenCartProject:33 - login successfully
2024-09-09 21:09:280 INFO  OpenCartProject:37 - logged out successfully
2024-09-09 21:09:444 INFO  OpenCartProject:18 - URL is opened
2024-09-09 21:09:596 INFO  OpenCartProject:22 - entered email
2024-09-09 21:09:727 INFO  OpenCartProject:25 - entered password
2024-09-09 21:09:391 INFO  OpenCartProject:18 - URL is opened
2024-09-09 21:09:510 INFO  OpenCartProject:22 - entered email
2024-09-09 21:09:647 INFO  OpenCartProject:25 - entered password
2024-09-09 21:09:309 INFO  OpenCartProject:18 - URL is opened
2024-09-09 21:09:443 INFO  OpenCartProject:22 - entered email
2024-09-09 21:09:571 INFO  OpenCartProject:25 - entered password
2024-09-09 21:09:225 INFO  OpenCartProject:18 - URL is opened
2024-09-09 21:09:375 INFO  OpenCartProject:22 - entered email
2024-09-09 21:09:545 INFO  OpenCartProject:25 - entered password
2024-09-09 21:09:698 INFO  OpenCartProject:33 - login successfully
2024-09-09 21:09:308 INFO  OpenCartProject:37 - logged out successfully
2024-09-09 22:09:406 INFO  OpenCartProject:18 - URL is opened
2024-09-09 22:09:814 INFO  OpenCartProject:22 - entered email
2024-09-09 22:09:968 INFO  OpenCartProject:25 - entered password
2024-09-09 22:09:346 INFO  OpenCartProject:18 - URL is opened
2024-09-09 22:09:646 INFO  OpenCartProject:22 - entered email
2024-09-09 22:09:823 INFO  OpenCartProject:25 - entered password
2024-09-09 22:09:538 INFO  OpenCartProject:18 - URL is opened
2024-09-09 22:09:690 INFO  OpenCartProject:22 - entered email
2024-09-09 22:09:829 INFO  OpenCartProject:25 - entered password
2024-09-09 22:09:469 INFO  OpenCartProject:18 - URL is opened
2024-09-09 22:09:607 INFO  OpenCartProject:22 - entered email
2024-09-09 22:09:741 INFO  OpenCartProject:25 - entered password
2024-09-09 22:09:370 INFO  OpenCartProject:18 - URL is opened
2024-09-09 22:09:516 INFO  OpenCartProject:22 - entered email
2024-09-09 22:09:663 INFO  OpenCartProject:25 - entered password
2024-09-09 22:09:804 INFO  OpenCartProject:33 - login successfully
2024-09-09 22:09:418 INFO  OpenCartProject:37 - logged out successfully
2024-09-09 22:09:299 INFO  OpenCartProject:18 - URL is opened
2024-09-09 22:09:942 INFO  OpenCartProject:22 - entered email
2024-09-09 22:09:249 INFO  OpenCartProject:25 - entered password
2024-09-09 22:09:518 INFO  OpenCartProject:33 - login successfully
2024-09-09 22:09:344 INFO  OpenCartProject:37 - logged out successfully
2024-09-09 22:09:496 INFO  OpenCartProject:18 - URL is opened
2024-09-09 22:09:619 INFO  OpenCartProject:22 - entered email
2024-09-09 22:09:123 INFO  OpenCartProject:25 - entered password
2024-09-09 22:09:983 INFO  OpenCartProject:18 - URL is opened
2024-09-09 22:09:148 INFO  OpenCartProject:22 - entered email
2024-09-09 22:09:522 INFO  OpenCartProject:25 - entered password
2024-09-09 22:09:405 INFO  OpenCartProject:18 - URL is opened
2024-09-09 22:09:688 INFO  OpenCartProject:22 - entered email
2024-09-09 22:09:610 INFO  OpenCartProject:18 - URL is opened
2024-09-09 22:09:946 INFO  OpenCartProject:25 - entered password
2024-09-09 22:09:275 INFO  OpenCartProject:22 - entered email
2024-09-09 22:09:270 INFO  OpenCartProject:33 - login successfully
2024-09-09 22:09:100 INFO  OpenCartProject:37 - logged out successfully
2024-09-09 22:09:220 INFO  OpenCartProject:25 - entered password
2024-09-09 22:09:324 INFO  OpenCartProject:18 - URL is opened
2024-09-09 22:09:519 INFO  OpenCartProject:22 - entered email
2024-09-09 22:09:655 INFO  OpenCartProject:25 - entered password
2024-09-09 22:09:149 INFO  OpenCartProject:18 - URL is opened
2024-09-09 22:09:281 INFO  OpenCartProject:22 - entered email
2024-09-09 22:09:413 INFO  OpenCartProject:25 - entered password
2024-09-09 22:09:340 INFO  OpenCartProject:18 - URL is opened
2024-09-09 22:09:482 INFO  OpenCartProject:22 - entered email
2024-09-09 22:09:599 INFO  OpenCartProject:33 - login successfully
2024-09-09 22:09:633 INFO  OpenCartProject:25 - entered password
2024-09-09 22:09:201 INFO  OpenCartProject:37 - logged out successfully
2024-09-09 22:09:280 INFO  OpenCartProject:18 - URL is opened
2024-09-09 22:09:428 INFO  OpenCartProject:22 - entered email
2024-09-09 22:09:547 INFO  OpenCartProject:25 - entered password
2024-09-09 22:09:217 INFO  OpenCartProject:18 - URL is opened
2024-09-09 22:09:342 INFO  OpenCartProject:22 - entered email
2024-09-09 22:09:481 INFO  OpenCartProject:25 - entered password
2024-09-09 22:09:620 INFO  OpenCartProject:33 - login successfully
2024-09-09 22:09:242 INFO  OpenCartProject:37 - logged out successfully
2024-09-09 23:09:813 INFO  OpenCartProject:18 - URL is opened
2024-09-09 23:09:135 INFO  OpenCartProject:22 - entered email
2024-09-09 23:09:335 INFO  OpenCartProject:25 - entered password
2024-09-09 23:09:513 INFO  OpenCartProject:33 - login successfully
2024-09-09 23:09:162 INFO  OpenCartProject:37 - logged out successfully
2024-09-09 23:09:189 INFO  OpenCartProject:18 - URL is opened
2024-09-09 23:09:308 INFO  OpenCartProject:22 - entered email
2024-09-09 23:09:562 INFO  OpenCartProject:25 - entered password
2024-09-09 23:09:371 INFO  OpenCartProject:18 - URL is opened
2024-09-09 23:09:504 INFO  OpenCartProject:22 - entered email
2024-09-09 23:09:779 INFO  OpenCartProject:25 - entered password
2024-09-09 23:09:485 INFO  OpenCartProject:18 - URL is opened
2024-09-09 23:09:684 INFO  OpenCartProject:22 - entered email
2024-09-09 23:09:933 INFO  OpenCartProject:25 - entered password
2024-09-09 23:09:580 INFO  OpenCartProject:18 - URL is opened
2024-09-09 23:09:733 INFO  OpenCartProject:22 - entered email
2024-09-09 23:09:986 INFO  OpenCartProject:25 - entered password
2024-09-09 23:09:145 INFO  OpenCartProject:33 - login successfully
2024-09-09 23:09:776 INFO  OpenCartProject:37 - logged out successfully
2024-09-09 23:09:706 INFO  OpenCartProject:18 - URL is opened
2024-09-09 23:09:121 INFO  OpenCartProject:22 - entered email
2024-09-09 23:09:373 INFO  OpenCartProject:25 - entered password
2024-09-09 23:09:684 INFO  OpenCartProject:33 - login successfully
2024-09-09 23:09:763 INFO  OpenCartProject:37 - logged out successfully
2024-09-09 23:09:223 INFO  OpenCartProject:18 - URL is opened
2024-09-09 23:09:442 INFO  OpenCartProject:22 - entered email
2024-09-09 23:09:555 INFO  OpenCartProject:25 - entered password
2024-09-09 23:09:759 INFO  OpenCartProject:18 - URL is opened
2024-09-09 23:09:959 INFO  OpenCartProject:22 - entered email
2024-09-09 23:09:239 INFO  OpenCartProject:25 - entered password
2024-09-09 23:09:179 INFO  OpenCartProject:18 - URL is opened
2024-09-09 23:09:336 INFO  OpenCartProject:22 - entered email
2024-09-09 23:09:616 INFO  OpenCartProject:25 - entered password
2024-09-09 23:09:862 INFO  OpenCartProject:18 - URL is opened
2024-09-09 23:09:60 INFO  OpenCartProject:22 - entered email
2024-09-09 23:09:279 INFO  OpenCartProject:25 - entered password
2024-09-09 23:09:535 INFO  OpenCartProject:33 - login successfully
2024-09-09 23:09:409 INFO  OpenCartProject:37 - logged out successfully
2024-09-10 16:09:342 INFO  OpenCartProject:18 - URL is opened
2024-09-10 16:09:957 INFO  OpenCartProject:18 - URL is opened
2024-09-10 17:09:365 INFO  OpenCartProject:18 - URL is opened
2024-09-10 17:09:198 INFO  OpenCartProject:18 - URL is opened
2024-09-10 17:09:809 INFO  OpenCartProject:18 - URL is opened
2024-09-10 17:09:146 INFO  OpenCartProject:18 - URL is opened
2024-09-10 17:09:761 INFO  OpenCartProject:18 - URL is opened
